<?xml version="1.0" encoding="UTF-8"?>
<!-- Generated by org.testng.reporters.JUnitXMLReporter -->
<testsuite ignored="0" hostname="sanjau-kumar1" failures="0" tests="8" name="Test" time="78.109" errors="0" timestamp="2025-06-23T18:44:06 IST">
  <testcase classname="testCases.TC001_AccountRegistrationTest" name="verify_account_registration" time="4.016"/>
  <testcase classname="testCases.TC002_LoginTest" name="verify_login" time="1.96"/>
  <testcase classname="testCases.TC003_LogingDDT" name="loginDDT" time="2.955"/>
  <testcase classname="testCases.TC003_LogingDDT" name="loginDDT" time="11.638"/>
  <testcase classname="testCases.TC003_LogingDDT" name="loginDDT" time="11.3"/>
  <testcase classname="testCases.TC003_LogingDDT" name="loginDDT" time="3.354"/>
  <testcase classname="testCases.TC003_LogingDDT" name="loginDDT" time="11.7"/>
  <testcase classname="testCases.TC003_LogingDDT" name="loginDDT" time="11.95"/>
</testsuite> <!-- Test -->
