<?xml version="1.0" encoding="UTF-8"?>
<!-- Generated by org.testng.reporters.JUnitXMLReporter -->
<testsuite ignored="0" hostname="sanjau-kumar1" failures="0" tests="3" name="Test" time="19.727" errors="0" timestamp="2025-06-28T12:43:07 IST">
  <testcase classname="testCases.TC004_SearchProductTest" name="verifyProductSearch" time="0.893"/>
  <testcase classname="testCases.TC005_SearchProductTestNegitiveTest" name="verifyProductSearchNegitive" time="0.719"/>
  <testcase classname="testCases.TC006_SearchProductEmptyTest" name="verifyProductSearchNegitive" time="0.598"/>
</testsuite> <!-- Test -->
