<?xml version="1.0" encoding="UTF-8"?>
<!-- Generated by org.testng.reporters.JUnitXMLReporter -->
<testsuite ignored="0" hostname="sanjau-kumar1" failures="0" tests="8" name="Test" time="82.763" errors="0" timestamp="2025-06-26T17:38:38 IST">
  <testcase classname="testCases.TC001_AccountRegistrationTest" name="verify_account_registration" time="4.066"/>
  <testcase classname="testCases.TC002_LoginTest" name="verify_login" time="2.542"/>
  <testcase classname="testCases.TC003_LogingDDT" name="loginDDT" time="3.903"/>
  <testcase classname="testCases.TC003_LogingDDT" name="loginDDT" time="10.855"/>
  <testcase classname="testCases.TC003_LogingDDT" name="loginDDT" time="11.577"/>
  <testcase classname="testCases.TC003_LogingDDT" name="loginDDT" time="2.883"/>
  <testcase classname="testCases.TC003_LogingDDT" name="loginDDT" time="10.823"/>
  <testcase classname="testCases.TC003_LogingDDT" name="loginDDT" time="11.966"/>
</testsuite> <!-- Test -->
