<?xml version="1.0" encoding="UTF-8"?>
<testng-results ignored="0" total="3" passed="3" failed="0" skipped="0">
  <reporter-output>
  </reporter-output>
  <suite started-at="2025-06-28T12:42:46 IST" name="Suite" finished-at="2025-06-28T12:43:06 IST" duration-ms="19727">
    <groups>
    </groups>
    <test started-at="2025-06-28T12:42:46 IST" name="Test" finished-at="2025-06-28T12:43:06 IST" duration-ms="19727">
      <class name="testCases.TC004_SearchProductTest">
        <test-method is-config="true" signature="setup(java.lang.String,java.lang.String)[pri:0, instance:testCases.TC004_SearchProductTest@3aee3976]" started-at="2025-06-28T12:42:46 IST" name="setup" finished-at="2025-06-28T12:42:57 IST" duration-ms="10145" status="PASS">
          <params>
            <param index="0">
              <value>
                <![CDATA[Windows]]>
              </value>
            </param>
            <param index="1">
              <value>
                <![CDATA[chrome]]>
              </value>
            </param>
          </params>
          <reporter-output>
          </reporter-output>
        </test-method> <!-- setup -->
        <test-method signature="verifyProductSearch()[pri:0, instance:testCases.TC004_SearchProductTest@3aee3976]" started-at="2025-06-28T12:42:57 IST" name="verifyProductSearch" finished-at="2025-06-28T12:42:57 IST" duration-ms="893" status="PASS">
          <reporter-output>
          </reporter-output>
        </test-method> <!-- verifyProductSearch -->
        <test-method is-config="true" signature="tearDown()[pri:0, instance:testCases.TC004_SearchProductTest@3aee3976]" started-at="2025-06-28T12:42:57 IST" name="tearDown" finished-at="2025-06-28T12:42:58 IST" duration-ms="211" status="PASS">
          <reporter-output>
          </reporter-output>
        </test-method> <!-- tearDown -->
      </class> <!-- testCases.TC004_SearchProductTest -->
      <class name="testCases.TC005_SearchProductTestNegitiveTest">
        <test-method is-config="true" signature="setup(java.lang.String,java.lang.String)[pri:0, instance:testCases.TC005_SearchProductTestNegitiveTest@127e70c5]" started-at="2025-06-28T12:42:58 IST" name="setup" finished-at="2025-06-28T12:43:01 IST" duration-ms="3358" status="PASS">
          <params>
            <param index="0">
              <value>
                <![CDATA[Windows]]>
              </value>
            </param>
            <param index="1">
              <value>
                <![CDATA[chrome]]>
              </value>
            </param>
          </params>
          <reporter-output>
          </reporter-output>
        </test-method> <!-- setup -->
        <test-method signature="verifyProductSearchNegitive()[pri:0, instance:testCases.TC005_SearchProductTestNegitiveTest@127e70c5]" started-at="2025-06-28T12:43:01 IST" name="verifyProductSearchNegitive" finished-at="2025-06-28T12:43:02 IST" duration-ms="719" status="PASS">
          <reporter-output>
          </reporter-output>
        </test-method> <!-- verifyProductSearchNegitive -->
        <test-method is-config="true" signature="tearDown()[pri:0, instance:testCases.TC005_SearchProductTestNegitiveTest@127e70c5]" started-at="2025-06-28T12:43:02 IST" name="tearDown" finished-at="2025-06-28T12:43:02 IST" duration-ms="173" status="PASS">
          <reporter-output>
          </reporter-output>
        </test-method> <!-- tearDown -->
      </class> <!-- testCases.TC005_SearchProductTestNegitiveTest -->
      <class name="testCases.TC006_SearchProductEmptyTest">
        <test-method is-config="true" signature="setup(java.lang.String,java.lang.String)[pri:0, instance:testCases.TC006_SearchProductEmptyTest@5910de75]" started-at="2025-06-28T12:43:02 IST" name="setup" finished-at="2025-06-28T12:43:05 IST" duration-ms="3202" status="PASS">
          <params>
            <param index="0">
              <value>
                <![CDATA[Windows]]>
              </value>
            </param>
            <param index="1">
              <value>
                <![CDATA[chrome]]>
              </value>
            </param>
          </params>
          <reporter-output>
          </reporter-output>
        </test-method> <!-- setup -->
        <test-method signature="verifyProductSearchNegitive()[pri:0, instance:testCases.TC006_SearchProductEmptyTest@5910de75]" started-at="2025-06-28T12:43:05 IST" name="verifyProductSearchNegitive" finished-at="2025-06-28T12:43:06 IST" duration-ms="598" status="PASS">
          <reporter-output>
          </reporter-output>
        </test-method> <!-- verifyProductSearchNegitive -->
        <test-method is-config="true" signature="tearDown()[pri:0, instance:testCases.TC006_SearchProductEmptyTest@5910de75]" started-at="2025-06-28T12:43:06 IST" name="tearDown" finished-at="2025-06-28T12:43:06 IST" duration-ms="177" status="PASS">
          <reporter-output>
          </reporter-output>
        </test-method> <!-- tearDown -->
      </class> <!-- testCases.TC006_SearchProductEmptyTest -->
    </test> <!-- Test -->
  </suite> <!-- Suite -->
</testng-results>
